<?xml version="1.0" encoding="UTF-8"?>
<testng-results ignored="0" total="1" passed="1" failed="0" skipped="0">
  <reporter-output>
  </reporter-output>
  <suite started-at="2026-06-07T23:18:04 EEST" name="Default suite" finished-at="2026-06-07T23:18:24 EEST" duration-ms="19352">
    <groups>
    </groups>
    <test started-at="2026-06-07T23:18:04 EEST" name="Default test" finished-at="2026-06-07T23:18:24 EEST" duration-ms="19352">
      <class name="tests.ProductComparisonWorkflowTests">
        <test-method is-config="true" signature="setup()[pri:0, instance:tests.ProductComparisonWorkflowTests@1d9b7cce]" started-at="2026-06-07T23:18:04 EEST" name="setup" finished-at="2026-06-07T23:18:18 EEST" duration-ms="13395" status="PASS">
          <reporter-output>
          </reporter-output>
        </test-method> <!-- setup -->
        <test-method signature="testProductComparisonMatrixLifecycle()[pri:0, instance:tests.ProductComparisonWorkflowTests@1d9b7cce]" started-at="2026-06-07T23:18:18 EEST" name="testProductComparisonMatrixLifecycle" description="TC-WF4-01 to TC-WF4-04: Add products, verify details, and clear comparison table" finished-at="2026-06-07T23:18:23 EEST" duration-ms="5608" status="PASS">
          <reporter-output>
          </reporter-output>
        </test-method> <!-- testProductComparisonMatrixLifecycle -->
        <test-method is-config="true" signature="tearDown()[pri:0, instance:tests.ProductComparisonWorkflowTests@1d9b7cce]" started-at="2026-06-07T23:18:23 EEST" name="tearDown" finished-at="2026-06-07T23:18:24 EEST" duration-ms="307" status="PASS">
          <reporter-output>
          </reporter-output>
        </test-method> <!-- tearDown -->
      </class> <!-- tests.ProductComparisonWorkflowTests -->
    </test> <!-- Default test -->
  </suite> <!-- Default suite -->
</testng-results>
