<?xml version="1.0" encoding="UTF-8"?>
<!-- Generated by org.testng.reporters.JUnitReportReporter -->
<testsuite hostname="Farah" failures="0" tests="5" name="tests.ProductTests" time="78.952" errors="0" timestamp="2026-06-03T19:09:25 EEST" skipped="0">
  <testcase classname="tests.ProductTests" name="searchForExistingProduct" time="13.775"/>
  <testcase classname="tests.ProductTests" name="addProductToCartFromDetails" time="16.712"/>
  <testcase classname="tests.ProductTests" name="addProductToCompareList" time="14.366"/>
  <testcase classname="tests.ProductTests" name="openProductDetailsFromSearchResults" time="20.008"/>
  <testcase classname="tests.ProductTests" name="searchForNonExistingProduct" time="14.091"/>
</testsuite> <!-- tests.ProductTests -->
