<?xml version="1.0" encoding="UTF-8"?>
<!-- Generated by org.testng.reporters.JUnitReportReporter -->
<testsuite hostname="Farah" failures="0" tests="4" name="tests.AuthenticationTests" time="60.732" errors="0" timestamp="2026-06-03T19:10:34 EEST" skipped="0">
  <testcase classname="tests.AuthenticationTests" name="registerNewCustomerWithValidData" time="15.527"/>
  <testcase classname="tests.AuthenticationTests" name="registerWithEmptyRequiredFields" time="13.934"/>
  <testcase classname="tests.AuthenticationTests" name="registerThenLogoutSuccessfully" time="15.695"/>
  <testcase classname="tests.AuthenticationTests" name="loginWithInvalidCredentials" time="15.576"/>
</testsuite> <!-- tests.AuthenticationTests -->
